[INFO] Scanning for projects...
[INFO] 
[INFO] -----------------------< com.rrbm:rrbm-backend >------------------------
[INFO] Building  0.0.1-SNAPSHOT
[INFO]   from pom.xml
[INFO] --------------------------------[ jar ]---------------------------------
[INFO] 
[INFO] >>> spring-boot:3.5.14:run (default-cli) > test-compile @ rrbm-backend >>>
[INFO] 
[INFO] --- resources:3.3.1:resources (default-resources) @ rrbm-backend ---
[INFO] Copying 2 resources from src\main\resources to target\classes
[INFO] Copying 39 resources from src\main\resources to target\classes
[INFO] 
[INFO] --- compiler:3.14.1:compile (default-compile) @ rrbm-backend ---
[INFO] Nothing to compile - all classes are up to date.
[INFO] 
[INFO] --- resources:3.3.1:testResources (default-testResources) @ rrbm-backend ---
[INFO] skip non existing resourceDirectory D:\ClaudeProjects\rrbm_daily\rrbm-backend\src\test\resources
[INFO] 
[INFO] --- compiler:3.14.1:testCompile (default-testCompile) @ rrbm-backend ---
[INFO] Nothing to compile - all classes are up to date.
[INFO] 
[INFO] <<< spring-boot:3.5.14:run (default-cli) < test-compile @ rrbm-backend <<<
[INFO] 
[INFO] 
[INFO] --- spring-boot:3.5.14:run (default-cli) @ rrbm-backend ---
[INFO] Attaching agents: []

  .   ____          _            __ _ _
 /\\ / ___'_ __ _ _(_)_ __  __ _ \ \ \ \
( ( )\___ | '_ | '_| | '_ \/ _` | \ \ \ \
 \\/  ___)| |_)| | | | | || (_| |  ) ) ) )
  '  |____| .__|_| |_|_| |_\__, | / / / /
 =========|_|==============|___/=/_/_/_/

 :: Spring Boot ::               (v3.5.14)

2026-06-02T20:37:12.553+08:00  INFO 10848 --- [rrbm-backend] [  restartedMain] rrbm_backend.RrbmBackendApplication      : Starting RrbmBackendApplication using Java 21.0.11 with PID 10848 (D:\ClaudeProjects\rrbm_daily\rrbm-backend\target\classes started by franc in D:\ClaudeProjects\rrbm_daily\rrbm-backend)
2026-06-02T20:37:12.556+08:00  INFO 10848 --- [rrbm-backend] [  restartedMain] rrbm_backend.RrbmBackendApplication      : No active profile set, falling back to 1 default profile: "default"
2026-06-02T20:37:12.605+08:00  INFO 10848 --- [rrbm-backend] [  restartedMain] .e.DevToolsPropertyDefaultsPostProcessor : Devtools property defaults active! Set 'spring.devtools.add-properties' to 'false' to disable
2026-06-02T20:37:12.606+08:00  INFO 10848 --- [rrbm-backend] [  restartedMain] .e.DevToolsPropertyDefaultsPostProcessor : For additional web related logging consider setting the 'logging.level.web' property to 'DEBUG'
2026-06-02T20:37:13.633+08:00  INFO 10848 --- [rrbm-backend] [  restartedMain] .s.d.r.c.RepositoryConfigurationDelegate : Bootstrapping Spring Data JPA repositories in DEFAULT mode.
2026-06-02T20:37:13.790+08:00  INFO 10848 --- [rrbm-backend] [  restartedMain] .s.d.r.c.RepositoryConfigurationDelegate : Finished Spring Data repository scanning in 147 ms. Found 18 JPA repository interfaces.
2026-06-02T20:37:14.691+08:00  INFO 10848 --- [rrbm-backend] [  restartedMain] o.s.b.w.embedded.tomcat.TomcatWebServer  : Tomcat initialized with port 8080 (http)
2026-06-02T20:37:14.714+08:00  INFO 10848 --- [rrbm-backend] [  restartedMain] o.apache.catalina.core.StandardService   : Starting service [Tomcat]
2026-06-02T20:37:14.716+08:00  INFO 10848 --- [rrbm-backend] [  restartedMain] o.apache.catalina.core.StandardEngine    : Starting Servlet engine: [Apache Tomcat/10.1.54]
2026-06-02T20:37:14.830+08:00  INFO 10848 --- [rrbm-backend] [  restartedMain] o.a.c.c.C.[Tomcat].[localhost].[/]       : Initializing Spring embedded WebApplicationContext
2026-06-02T20:37:14.832+08:00  INFO 10848 --- [rrbm-backend] [  restartedMain] w.s.c.ServletWebServerApplicationContext : Root WebApplicationContext: initialization completed in 2223 ms
2026-06-02T20:37:15.230+08:00  INFO 10848 --- [rrbm-backend] [  restartedMain] com.zaxxer.hikari.HikariDataSource       : HikariPool-1 - Starting...
2026-06-02T20:37:15.554+08:00  INFO 10848 --- [rrbm-backend] [  restartedMain] com.zaxxer.hikari.pool.HikariPool        : HikariPool-1 - Added connection org.postgresql.jdbc.PgConnection@6501e524
2026-06-02T20:37:15.557+08:00  INFO 10848 --- [rrbm-backend] [  restartedMain] com.zaxxer.hikari.HikariDataSource       : HikariPool-1 - Start completed.
2026-06-02T20:37:15.597+08:00  INFO 10848 --- [rrbm-backend] [  restartedMain] org.flywaydb.core.FlywayExecutor         : Database: jdbc:postgresql://localhost:5432/rrbm_db (PostgreSQL 18.4)
2026-06-02T20:37:15.612+08:00  WARN 10848 --- [rrbm-backend] [  restartedMain] o.f.c.internal.database.base.Database    : Flyway upgrade recommended: PostgreSQL 18.4 is newer than this version of Flyway and support has not been tested. The latest supported version of PostgreSQL is 17.
2026-06-02T20:37:15.690+08:00  INFO 10848 --- [rrbm-backend] [  restartedMain] o.f.core.internal.command.DbValidate     : Successfully validated 39 migrations (execution time 00:00.060s)
2026-06-02T20:37:15.736+08:00  INFO 10848 --- [rrbm-backend] [  restartedMain] o.f.core.internal.command.DbMigrate      : Current version of schema "public": 40
2026-06-02T20:37:15.737+08:00  WARN 10848 --- [rrbm-backend] [  restartedMain] o.f.core.internal.command.DbMigrate      : outOfOrder mode is active. Migration of schema "public" may not be reproducible.
2026-06-02T20:37:15.741+08:00  INFO 10848 --- [rrbm-backend] [  restartedMain] o.f.core.internal.command.DbMigrate      : Schema "public" is up to date. No migration necessary.
2026-06-02T20:37:15.842+08:00  INFO 10848 --- [rrbm-backend] [  restartedMain] o.hibernate.jpa.internal.util.LogHelper  : HHH000204: Processing PersistenceUnitInfo [name: default]
2026-06-02T20:37:15.901+08:00  INFO 10848 --- [rrbm-backend] [  restartedMain] org.hibernate.Version                    : HHH000412: Hibernate ORM core version 6.6.49.Final
2026-06-02T20:37:15.940+08:00  INFO 10848 --- [rrbm-backend] [  restartedMain] o.h.c.internal.RegionFactoryInitiator    : HHH000026: Second-level cache disabled
2026-06-02T20:37:16.233+08:00  INFO 10848 --- [rrbm-backend] [  restartedMain] o.s.o.j.p.SpringPersistenceUnitInfo      : No LoadTimeWeaver setup: ignoring JPA class transformer
2026-06-02T20:37:16.290+08:00  WARN 10848 --- [rrbm-backend] [  restartedMain] org.hibernate.orm.deprecation            : HHH90000025: PostgreSQLDialect does not need to be specified explicitly using 'hibernate.dialect' (remove the property setting and it will be selected by default)
2026-06-02T20:37:16.307+08:00  INFO 10848 --- [rrbm-backend] [  restartedMain] org.hibernate.orm.connections.pooling    : HHH10001005: Database info:
	Database JDBC URL [Connecting through datasource 'HikariDataSource (HikariPool-1)']
	Database driver: undefined/unknown
	Database version: 18.4
	Autocommit mode: undefined/unknown
	Isolation level: undefined/unknown
	Minimum pool size: undefined/unknown
	Maximum pool size: undefined/unknown
2026-06-02T20:37:17.643+08:00  INFO 10848 --- [rrbm-backend] [  restartedMain] o.h.e.t.j.p.i.JtaPlatformInitiator       : HHH000489: No JTA platform available (set 'hibernate.transaction.jta.platform' to enable JTA platform integration)
2026-06-02T20:37:17.692+08:00  INFO 10848 --- [rrbm-backend] [  restartedMain] j.LocalContainerEntityManagerFactoryBean : Initialized JPA EntityManagerFactory for persistence unit 'default'
2026-06-02T20:37:18.095+08:00  INFO 10848 --- [rrbm-backend] [  restartedMain] o.s.d.j.r.query.QueryEnhancerFactory     : Hibernate is in classpath; If applicable, HQL parser will be used.
2026-06-02T20:37:19.349+08:00  WARN 10848 --- [rrbm-backend] [  restartedMain] JpaBaseConfiguration$JpaWebConfiguration : spring.jpa.open-in-view is enabled by default. Therefore, database queries may be performed during view rendering. Explicitly configure spring.jpa.open-in-view to disable this warning
2026-06-02T20:37:19.975+08:00  INFO 10848 --- [rrbm-backend] [  restartedMain] o.s.b.d.a.OptionalLiveReloadServer       : LiveReload server is running on port 35729
2026-06-02T20:37:20.015+08:00  INFO 10848 --- [rrbm-backend] [  restartedMain] o.s.b.w.embedded.tomcat.TomcatWebServer  : Tomcat started on port 8080 (http) with context path '/'
2026-06-02T20:37:20.024+08:00  INFO 10848 --- [rrbm-backend] [  restartedMain] rrbm_backend.RrbmBackendApplication      : Started RrbmBackendApplication in 7.936 seconds (process running for 8.411)
Hibernate: 
    select
        count(*) 
    from
        master_keys mk1_0
2026-06-02T20:37:49.650+08:00  INFO 10848 --- [rrbm-backend] [nio-8080-exec-1] o.a.c.c.C.[Tomcat].[localhost].[/]       : Initializing Spring DispatcherServlet 'dispatcherServlet'
2026-06-02T20:37:49.653+08:00  INFO 10848 --- [rrbm-backend] [nio-8080-exec-1] o.s.web.servlet.DispatcherServlet        : Initializing Servlet 'dispatcherServlet'
2026-06-02T20:37:49.656+08:00  INFO 10848 --- [rrbm-backend] [nio-8080-exec-1] o.s.web.servlet.DispatcherServlet        : Completed initialization in 3 ms
Hibernate: 
    select
        u1_0.id,
        u1_0.address,
        u1_0.admin_security_key,
        u1_0.allowed_pages,
        u1_0.birthdate,
        u1_0.contact_number,
        u1_0.created_at,
        u1_0.designation,
        u1_0.email,
        u1_0.employee_id,
        u1_0.full_name,
        u1_0.last_login_at,
        u1_0.must_change_password,
        u1_0.password_hash,
        u1_0.profile_image,
        u1_0.role,
        u1_0.status,
        u1_0.updated_at,
        u1_0.username 
    from
        users u1_0 
    where
        u1_0.email=?
Hibernate: 
    select
        u1_0.id,
        u1_0.address,
        u1_0.admin_security_key,
        u1_0.allowed_pages,
        u1_0.birthdate,
        u1_0.contact_number,
        u1_0.created_at,
        u1_0.designation,
        u1_0.email,
        u1_0.employee_id,
        u1_0.full_name,
        u1_0.last_login_at,
        u1_0.must_change_password,
        u1_0.password_hash,
        u1_0.profile_image,
        u1_0.role,
        u1_0.status,
        u1_0.updated_at,
        u1_0.username 
    from
        users u1_0 
    where
        u1_0.username=?
Hibernate: 
    update
        users 
    set
        address=?,
        admin_security_key=?,
        allowed_pages=?,
        birthdate=?,
        contact_number=?,
        designation=?,
        email=?,
        employee_id=?,
        full_name=?,
        last_login_at=?,
        must_change_password=?,
        password_hash=?,
        profile_image=?,
        role=?,
        status=?,
        updated_at=?,
        username=? 
    where
        id=?
Hibernate: 
    insert 
    into
        activity_log
        (action, created_at, description, entity_id, entity_type, is_closed, report_date, user_id, user_name) 
    values
        (?, ?, ?, ?, ?, ?, ?, ?, ?)
Hibernate: 
    select
        u1_0.id,
        u1_0.address,
        u1_0.admin_security_key,
        u1_0.allowed_pages,
        u1_0.birthdate,
        u1_0.contact_number,
        u1_0.created_at,
        u1_0.designation,
        u1_0.email,
        u1_0.employee_id,
        u1_0.full_name,
        u1_0.last_login_at,
        u1_0.must_change_password,
        u1_0.password_hash,
        u1_0.profile_image,
        u1_0.role,
        u1_0.status,
        u1_0.updated_at,
        u1_0.username 
    from
        users u1_0 
    where
        u1_0.email=?
Hibernate: 
    select
        dli1_0.id,
        dl1_0.id,
        dl1_0.created_at,
        dl1_0.encoded_by_name,
        dl1_0.encoded_by_user_id,
        dl1_0.notes,
        dl1_0.po_number,
        dl1_0.receipt_number,
        dl1_0.received_by,
        dl1_0.report_date,
        dl1_0.status,
        dl1_0.supplier_name,
        dl1_0.total_items,
        dl1_0.total_quantity,
        dl1_0.verified_by,
        dli1_0.product_id,
        dli1_0.product_name,
        dli1_0.quantity,
        dli1_0.received_qty,
        dli1_0.rejected_qty,
        dli1_0.unit_cost,
        dli1_0.warehouse 
    from
        delivery_log_items dli1_0 
    join
        delivery_log dl1_0 
            on dl1_0.id=dli1_0.delivery_log_id 
    where
        dli1_0.rejected_qty>0 
        and dl1_0.report_date>=? 
        and dl1_0.report_date<=? 
    order by
        dl1_0.report_date desc,
        dl1_0.id desc
Hibernate: 
    select
        im1_0.id,
        im1_0.created_at,
        im1_0.movement_type,
        im1_0.product_id,
        im1_0.quantity,
        im1_0.reason,
        im1_0.reference_id,
        im1_0.user_id,
        im1_0.warehouse 
    from
        inventory_movements im1_0 
    where
        im1_0.movement_type in ('ITEM_VOID', 'CANCEL_REJECTED', 'RETURN_REJECTED') 
        and im1_0.quantity>0 
        and im1_0.created_at>=? 
        and im1_0.created_at<? 
    order by
        im1_0.created_at desc
Hibernate: 
    select
        p1_0.id,
        p1_0.active,
        p1_0.category,
        p1_0.created_at,
        p1_0.description,
        p1_0.is_set,
        p1_0.item_code,
        p1_0.name,
        p1_0.product_code,
        p1_0.selling_tag,
        p1_0.sku,
        p1_0.stock_wh1,
        p1_0.stock_wh2,
        p1_0.stock_wh3,
        p1_0.sub_category,
        p1_0.threshold_critical,
        p1_0.threshold_low,
        p1_0.unit_cost,
        p1_0.unit_price,
        p1_0.updated_at 
    from
        products p1_0 
    where
        p1_0.id in (?, ?, ?, ?)
[INFO] ------------------------------------------------------------------------
[INFO] BUILD FAILURE
[INFO] ------------------------------------------------------------------------
[INFO] Total time:  06:43 min
[INFO] Finished at: 2026-06-02T20:43:51+08:00
[INFO] ------------------------------------------------------------------------
[ERROR] Failed to execute goal org.springframework.boot:spring-boot-maven-plugin:3.5.14:run (default-cli) on project rrbm-backend: Process terminated with exit code: -1 -> [Help 1]
[ERROR] 
[ERROR] To see the full stack trace of the errors, re-run Maven with the -e switch.
[ERROR] Re-run Maven using the -X switch to enable full debug logging.
[ERROR] 
[ERROR] For more information about the errors and possible solutions, please read the following articles:
[ERROR] [Help 1] http://cwiki.apache.org/confluence/display/MAVEN/MojoExecutionException
