[INFO] Scanning for projects...
[INFO] 
[INFO] -----------------------< com.rrbm:rrbm-backend >------------------------
[INFO] Building  0.0.1-SNAPSHOT
[INFO]   from pom.xml
[INFO] --------------------------------[ jar ]---------------------------------
[INFO] 
[INFO] >>> spring-boot:3.5.14:run (default-cli) > test-compile @ rrbm-backend >>>
[INFO] 
[INFO] --- resources:3.3.1:resources (default-resources) @ rrbm-backend ---
[INFO] Copying 2 resources from src\main\resources to target\classes
[INFO] Copying 39 resources from src\main\resources to target\classes
[INFO] 
[INFO] --- compiler:3.14.1:compile (default-compile) @ rrbm-backend ---
[INFO] Nothing to compile - all classes are up to date.
[INFO] 
[INFO] --- resources:3.3.1:testResources (default-testResources) @ rrbm-backend ---
[INFO] skip non existing resourceDirectory D:\ClaudeProjects\rrbm_daily\rrbm-backend\src\test\resources
[INFO] 
[INFO] --- compiler:3.14.1:testCompile (default-testCompile) @ rrbm-backend ---
[INFO] Nothing to compile - all classes are up to date.
[INFO] 
[INFO] <<< spring-boot:3.5.14:run (default-cli) < test-compile @ rrbm-backend <<<
[INFO] 
[INFO] 
[INFO] --- spring-boot:3.5.14:run (default-cli) @ rrbm-backend ---
[INFO] Attaching agents: []

  .   ____          _            __ _ _
 /\\ / ___'_ __ _ _(_)_ __  __ _ \ \ \ \
( ( )\___ | '_ | '_| | '_ \/ _` | \ \ \ \
 \\/  ___)| |_)| | | | | || (_| |  ) ) ) )
  '  |____| .__|_| |_|_| |_\__, | / / / /
 =========|_|==============|___/=/_/_/_/

 :: Spring Boot ::               (v3.5.14)

2026-06-02T10:44:25.382+08:00  INFO 2588 --- [rrbm-backend] [  restartedMain] rrbm_backend.RrbmBackendApplication      : Starting RrbmBackendApplication using Java 21.0.11 with PID 2588 (D:\ClaudeProjects\rrbm_daily\rrbm-backend\target\classes started by franc in D:\ClaudeProjects\rrbm_daily\rrbm-backend)
2026-06-02T10:44:25.384+08:00  INFO 2588 --- [rrbm-backend] [  restartedMain] rrbm_backend.RrbmBackendApplication      : No active profile set, falling back to 1 default profile: "default"
2026-06-02T10:44:25.415+08:00  INFO 2588 --- [rrbm-backend] [  restartedMain] .e.DevToolsPropertyDefaultsPostProcessor : Devtools property defaults active! Set 'spring.devtools.add-properties' to 'false' to disable
2026-06-02T10:44:25.422+08:00  INFO 2588 --- [rrbm-backend] [  restartedMain] .e.DevToolsPropertyDefaultsPostProcessor : For additional web related logging consider setting the 'logging.level.web' property to 'DEBUG'
2026-06-02T10:44:26.191+08:00  INFO 2588 --- [rrbm-backend] [  restartedMain] .s.d.r.c.RepositoryConfigurationDelegate : Bootstrapping Spring Data JPA repositories in DEFAULT mode.
2026-06-02T10:44:26.297+08:00  INFO 2588 --- [rrbm-backend] [  restartedMain] .s.d.r.c.RepositoryConfigurationDelegate : Finished Spring Data repository scanning in 98 ms. Found 18 JPA repository interfaces.
2026-06-02T10:44:26.912+08:00  INFO 2588 --- [rrbm-backend] [  restartedMain] o.s.b.w.embedded.tomcat.TomcatWebServer  : Tomcat initialized with port 8080 (http)
2026-06-02T10:44:26.933+08:00  INFO 2588 --- [rrbm-backend] [  restartedMain] o.apache.catalina.core.StandardService   : Starting service [Tomcat]
2026-06-02T10:44:26.934+08:00  INFO 2588 --- [rrbm-backend] [  restartedMain] o.apache.catalina.core.StandardEngine    : Starting Servlet engine: [Apache Tomcat/10.1.54]
2026-06-02T10:44:27.005+08:00  INFO 2588 --- [rrbm-backend] [  restartedMain] o.a.c.c.C.[Tomcat].[localhost].[/]       : Initializing Spring embedded WebApplicationContext
2026-06-02T10:44:27.005+08:00  INFO 2588 --- [rrbm-backend] [  restartedMain] w.s.c.ServletWebServerApplicationContext : Root WebApplicationContext: initialization completed in 1583 ms
2026-06-02T10:44:27.255+08:00  INFO 2588 --- [rrbm-backend] [  restartedMain] com.zaxxer.hikari.HikariDataSource       : HikariPool-1 - Starting...
2026-06-02T10:44:27.451+08:00  INFO 2588 --- [rrbm-backend] [  restartedMain] com.zaxxer.hikari.pool.HikariPool        : HikariPool-1 - Added connection org.postgresql.jdbc.PgConnection@407f200b
2026-06-02T10:44:27.452+08:00  INFO 2588 --- [rrbm-backend] [  restartedMain] com.zaxxer.hikari.HikariDataSource       : HikariPool-1 - Start completed.
2026-06-02T10:44:27.484+08:00  INFO 2588 --- [rrbm-backend] [  restartedMain] org.flywaydb.core.FlywayExecutor         : Database: jdbc:postgresql://localhost:5432/rrbm_db (PostgreSQL 18.4)
2026-06-02T10:44:27.503+08:00  WARN 2588 --- [rrbm-backend] [  restartedMain] o.f.c.internal.database.base.Database    : Flyway upgrade recommended: PostgreSQL 18.4 is newer than this version of Flyway and support has not been tested. The latest supported version of PostgreSQL is 17.
2026-06-02T10:44:27.578+08:00  INFO 2588 --- [rrbm-backend] [  restartedMain] o.f.core.internal.command.DbValidate     : Successfully validated 39 migrations (execution time 00:00.059s)
2026-06-02T10:44:27.615+08:00  INFO 2588 --- [rrbm-backend] [  restartedMain] o.f.core.internal.command.DbMigrate      : Current version of schema "public": 40
2026-06-02T10:44:27.616+08:00  WARN 2588 --- [rrbm-backend] [  restartedMain] o.f.core.internal.command.DbMigrate      : outOfOrder mode is active. Migration of schema "public" may not be reproducible.
2026-06-02T10:44:27.619+08:00  INFO 2588 --- [rrbm-backend] [  restartedMain] o.f.core.internal.command.DbMigrate      : Schema "public" is up to date. No migration necessary.
2026-06-02T10:44:27.721+08:00  INFO 2588 --- [rrbm-backend] [  restartedMain] o.hibernate.jpa.internal.util.LogHelper  : HHH000204: Processing PersistenceUnitInfo [name: default]
2026-06-02T10:44:27.768+08:00  INFO 2588 --- [rrbm-backend] [  restartedMain] org.hibernate.Version                    : HHH000412: Hibernate ORM core version 6.6.49.Final
2026-06-02T10:44:27.808+08:00  INFO 2588 --- [rrbm-backend] [  restartedMain] o.h.c.internal.RegionFactoryInitiator    : HHH000026: Second-level cache disabled
2026-06-02T10:44:28.096+08:00  INFO 2588 --- [rrbm-backend] [  restartedMain] o.s.o.j.p.SpringPersistenceUnitInfo      : No LoadTimeWeaver setup: ignoring JPA class transformer
2026-06-02T10:44:28.144+08:00  WARN 2588 --- [rrbm-backend] [  restartedMain] org.hibernate.orm.deprecation            : HHH90000025: PostgreSQLDialect does not need to be specified explicitly using 'hibernate.dialect' (remove the property setting and it will be selected by default)
2026-06-02T10:44:28.159+08:00  INFO 2588 --- [rrbm-backend] [  restartedMain] org.hibernate.orm.connections.pooling    : HHH10001005: Database info:
	Database JDBC URL [Connecting through datasource 'HikariDataSource (HikariPool-1)']
	Database driver: undefined/unknown
	Database version: 18.4
	Autocommit mode: undefined/unknown
	Isolation level: undefined/unknown
	Minimum pool size: undefined/unknown
	Maximum pool size: undefined/unknown
2026-06-02T10:44:29.204+08:00  INFO 2588 --- [rrbm-backend] [  restartedMain] o.h.e.t.j.p.i.JtaPlatformInitiator       : HHH000489: No JTA platform available (set 'hibernate.transaction.jta.platform' to enable JTA platform integration)
2026-06-02T10:44:29.245+08:00  INFO 2588 --- [rrbm-backend] [  restartedMain] j.LocalContainerEntityManagerFactoryBean : Initialized JPA EntityManagerFactory for persistence unit 'default'
2026-06-02T10:44:29.549+08:00  INFO 2588 --- [rrbm-backend] [  restartedMain] o.s.d.j.r.query.QueryEnhancerFactory     : Hibernate is in classpath; If applicable, HQL parser will be used.
2026-06-02T10:44:30.507+08:00  WARN 2588 --- [rrbm-backend] [  restartedMain] JpaBaseConfiguration$JpaWebConfiguration : spring.jpa.open-in-view is enabled by default. Therefore, database queries may be performed during view rendering. Explicitly configure spring.jpa.open-in-view to disable this warning
2026-06-02T10:44:30.976+08:00  WARN 2588 --- [rrbm-backend] [  restartedMain] o.s.b.d.a.OptionalLiveReloadServer       : Unable to start LiveReload server
2026-06-02T10:44:30.995+08:00  WARN 2588 --- [rrbm-backend] [  restartedMain] ConfigServletWebServerApplicationContext : Exception encountered during context initialization - cancelling refresh attempt: org.springframework.context.ApplicationContextException: Failed to start bean 'webServerStartStop'
2026-06-02T10:44:30.999+08:00  INFO 2588 --- [rrbm-backend] [  restartedMain] j.LocalContainerEntityManagerFactoryBean : Closing JPA EntityManagerFactory for persistence unit 'default'
2026-06-02T10:44:31.002+08:00  INFO 2588 --- [rrbm-backend] [  restartedMain] com.zaxxer.hikari.HikariDataSource       : HikariPool-1 - Shutdown initiated...
2026-06-02T10:44:31.005+08:00  INFO 2588 --- [rrbm-backend] [  restartedMain] com.zaxxer.hikari.HikariDataSource       : HikariPool-1 - Shutdown completed.
2026-06-02T10:44:31.016+08:00  INFO 2588 --- [rrbm-backend] [  restartedMain] .s.b.a.l.ConditionEvaluationReportLogger : 

Error starting ApplicationContext. To display the condition evaluation report re-run your application with 'debug' enabled.
2026-06-02T10:44:31.036+08:00 ERROR 2588 --- [rrbm-backend] [  restartedMain] o.s.b.d.LoggingFailureAnalysisReporter   : 

***************************
APPLICATION FAILED TO START
***************************

Description:

Web server failed to start. Port 8080 was already in use.

Action:

Identify and stop the process that's listening on port 8080 or configure this application to listen on another port.

[INFO] ------------------------------------------------------------------------
[INFO] BUILD SUCCESS
[INFO] ------------------------------------------------------------------------
[INFO] Total time:  8.854 s
[INFO] Finished at: 2026-06-02T10:44:31+08:00
[INFO] ------------------------------------------------------------------------
