[INFO] Scanning for projects...
[INFO] 
[INFO] -----------------------< com.rrbm:rrbm-backend >------------------------
[INFO] Building  0.0.1-SNAPSHOT
[INFO]   from pom.xml
[INFO] --------------------------------[ jar ]---------------------------------
[INFO] 
[INFO] >>> spring-boot:3.5.14:run (default-cli) > test-compile @ rrbm-backend >>>
[INFO] 
[INFO] --- resources:3.3.1:resources (default-resources) @ rrbm-backend ---
[INFO] Copying 2 resources from src\main\resources to target\classes
[INFO] Copying 36 resources from src\main\resources to target\classes
[INFO] 
[INFO] --- compiler:3.14.1:compile (default-compile) @ rrbm-backend ---
[INFO] Nothing to compile - all classes are up to date.
[INFO] 
[INFO] --- resources:3.3.1:testResources (default-testResources) @ rrbm-backend ---
[INFO] skip non existing resourceDirectory D:\ClaudeProjects\rrbm_daily\rrbm-backend\src\test\resources
[INFO] 
[INFO] --- compiler:3.14.1:testCompile (default-testCompile) @ rrbm-backend ---
[INFO] Nothing to compile - all classes are up to date.
[INFO] 
[INFO] <<< spring-boot:3.5.14:run (default-cli) < test-compile @ rrbm-backend <<<
[INFO] 
[INFO] 
[INFO] --- spring-boot:3.5.14:run (default-cli) @ rrbm-backend ---
[INFO] Attaching agents: []

  .   ____          _            __ _ _
 /\\ / ___'_ __ _ _(_)_ __  __ _ \ \ \ \
( ( )\___ | '_ | '_| | '_ \/ _` | \ \ \ \
 \\/  ___)| |_)| | | | | || (_| |  ) ) ) )
  '  |____| .__|_| |_|_| |_\__, | / / / /
 =========|_|==============|___/=/_/_/_/

 :: Spring Boot ::               (v3.5.14)

2026-06-01T18:31:39.876+08:00  INFO 19912 --- [rrbm-backend] [  restartedMain] rrbm_backend.RrbmBackendApplication      : Starting RrbmBackendApplication using Java 21.0.11 with PID 19912 (D:\ClaudeProjects\rrbm_daily\rrbm-backend\target\classes started by franc in D:\ClaudeProjects\rrbm_daily\rrbm-backend)
2026-06-01T18:31:39.878+08:00  INFO 19912 --- [rrbm-backend] [  restartedMain] rrbm_backend.RrbmBackendApplication      : No active profile set, falling back to 1 default profile: "default"
2026-06-01T18:31:39.927+08:00  INFO 19912 --- [rrbm-backend] [  restartedMain] .e.DevToolsPropertyDefaultsPostProcessor : Devtools property defaults active! Set 'spring.devtools.add-properties' to 'false' to disable
2026-06-01T18:31:39.927+08:00  INFO 19912 --- [rrbm-backend] [  restartedMain] .e.DevToolsPropertyDefaultsPostProcessor : For additional web related logging consider setting the 'logging.level.web' property to 'DEBUG'
2026-06-01T18:31:40.729+08:00  INFO 19912 --- [rrbm-backend] [  restartedMain] .s.d.r.c.RepositoryConfigurationDelegate : Bootstrapping Spring Data JPA repositories in DEFAULT mode.
2026-06-01T18:31:40.838+08:00  INFO 19912 --- [rrbm-backend] [  restartedMain] .s.d.r.c.RepositoryConfigurationDelegate : Finished Spring Data repository scanning in 102 ms. Found 18 JPA repository interfaces.
2026-06-01T18:31:41.632+08:00  INFO 19912 --- [rrbm-backend] [  restartedMain] o.s.b.w.embedded.tomcat.TomcatWebServer  : Tomcat initialized with port 8080 (http)
2026-06-01T18:31:41.648+08:00  INFO 19912 --- [rrbm-backend] [  restartedMain] o.apache.catalina.core.StandardService   : Starting service [Tomcat]
2026-06-01T18:31:41.649+08:00  INFO 19912 --- [rrbm-backend] [  restartedMain] o.apache.catalina.core.StandardEngine    : Starting Servlet engine: [Apache Tomcat/10.1.54]
2026-06-01T18:31:41.708+08:00  INFO 19912 --- [rrbm-backend] [  restartedMain] o.a.c.c.C.[Tomcat].[localhost].[/]       : Initializing Spring embedded WebApplicationContext
2026-06-01T18:31:41.710+08:00  INFO 19912 --- [rrbm-backend] [  restartedMain] w.s.c.ServletWebServerApplicationContext : Root WebApplicationContext: initialization completed in 1781 ms
2026-06-01T18:31:41.952+08:00  INFO 19912 --- [rrbm-backend] [  restartedMain] com.zaxxer.hikari.HikariDataSource       : HikariPool-1 - Starting...
2026-06-01T18:31:42.250+08:00  INFO 19912 --- [rrbm-backend] [  restartedMain] com.zaxxer.hikari.pool.HikariPool        : HikariPool-1 - Added connection org.postgresql.jdbc.PgConnection@56409823
2026-06-01T18:31:42.252+08:00  INFO 19912 --- [rrbm-backend] [  restartedMain] com.zaxxer.hikari.HikariDataSource       : HikariPool-1 - Start completed.
2026-06-01T18:31:42.280+08:00  INFO 19912 --- [rrbm-backend] [  restartedMain] org.flywaydb.core.FlywayExecutor         : Database: jdbc:postgresql://localhost:5432/rrbm_db (PostgreSQL 18.4)
2026-06-01T18:31:42.291+08:00  WARN 19912 --- [rrbm-backend] [  restartedMain] o.f.c.internal.database.base.Database    : Flyway upgrade recommended: PostgreSQL 18.4 is newer than this version of Flyway and support has not been tested. The latest supported version of PostgreSQL is 17.
2026-06-01T18:31:42.357+08:00  INFO 19912 --- [rrbm-backend] [  restartedMain] o.f.core.internal.command.DbValidate     : Successfully validated 36 migrations (execution time 00:00.050s)
2026-06-01T18:31:42.525+08:00  INFO 19912 --- [rrbm-backend] [  restartedMain] o.f.core.internal.command.DbMigrate      : Current version of schema "public": 37
2026-06-01T18:31:42.526+08:00  WARN 19912 --- [rrbm-backend] [  restartedMain] o.f.core.internal.command.DbMigrate      : outOfOrder mode is active. Migration of schema "public" may not be reproducible.
2026-06-01T18:31:42.529+08:00  INFO 19912 --- [rrbm-backend] [  restartedMain] o.f.core.internal.command.DbMigrate      : Schema "public" is up to date. No migration necessary.
2026-06-01T18:31:42.635+08:00  INFO 19912 --- [rrbm-backend] [  restartedMain] o.hibernate.jpa.internal.util.LogHelper  : HHH000204: Processing PersistenceUnitInfo [name: default]
2026-06-01T18:31:42.684+08:00  INFO 19912 --- [rrbm-backend] [  restartedMain] org.hibernate.Version                    : HHH000412: Hibernate ORM core version 6.6.49.Final
2026-06-01T18:31:42.720+08:00  INFO 19912 --- [rrbm-backend] [  restartedMain] o.h.c.internal.RegionFactoryInitiator    : HHH000026: Second-level cache disabled
2026-06-01T18:31:43.013+08:00  INFO 19912 --- [rrbm-backend] [  restartedMain] o.s.o.j.p.SpringPersistenceUnitInfo      : No LoadTimeWeaver setup: ignoring JPA class transformer
2026-06-01T18:31:43.086+08:00  WARN 19912 --- [rrbm-backend] [  restartedMain] org.hibernate.orm.deprecation            : HHH90000025: PostgreSQLDialect does not need to be specified explicitly using 'hibernate.dialect' (remove the property setting and it will be selected by default)
2026-06-01T18:31:43.104+08:00  INFO 19912 --- [rrbm-backend] [  restartedMain] org.hibernate.orm.connections.pooling    : HHH10001005: Database info:
	Database JDBC URL [Connecting through datasource 'HikariDataSource (HikariPool-1)']
	Database driver: undefined/unknown
	Database version: 18.4
	Autocommit mode: undefined/unknown
	Isolation level: undefined/unknown
	Minimum pool size: undefined/unknown
	Maximum pool size: undefined/unknown
2026-06-01T18:31:44.550+08:00  INFO 19912 --- [rrbm-backend] [  restartedMain] o.h.e.t.j.p.i.JtaPlatformInitiator       : HHH000489: No JTA platform available (set 'hibernate.transaction.jta.platform' to enable JTA platform integration)
2026-06-01T18:31:44.604+08:00  INFO 19912 --- [rrbm-backend] [  restartedMain] j.LocalContainerEntityManagerFactoryBean : Initialized JPA EntityManagerFactory for persistence unit 'default'
2026-06-01T18:31:45.011+08:00  INFO 19912 --- [rrbm-backend] [  restartedMain] o.s.d.j.r.query.QueryEnhancerFactory     : Hibernate is in classpath; If applicable, HQL parser will be used.
2026-06-01T18:31:46.308+08:00  WARN 19912 --- [rrbm-backend] [  restartedMain] JpaBaseConfiguration$JpaWebConfiguration : spring.jpa.open-in-view is enabled by default. Therefore, database queries may be performed during view rendering. Explicitly configure spring.jpa.open-in-view to disable this warning
2026-06-01T18:31:46.872+08:00  INFO 19912 --- [rrbm-backend] [  restartedMain] o.s.b.d.a.OptionalLiveReloadServer       : LiveReload server is running on port 35729
2026-06-01T18:31:46.916+08:00  INFO 19912 --- [rrbm-backend] [  restartedMain] o.s.b.w.embedded.tomcat.TomcatWebServer  : Tomcat started on port 8080 (http) with context path '/'
2026-06-01T18:31:46.924+08:00  INFO 19912 --- [rrbm-backend] [  restartedMain] rrbm_backend.RrbmBackendApplication      : Started RrbmBackendApplication in 7.503 seconds (process running for 8.054)
Hibernate: 
    select
        count(*) 
    from
        master_keys mk1_0
2026-06-01T18:32:19.450+08:00  INFO 19912 --- [rrbm-backend] [nio-8080-exec-1] o.a.c.c.C.[Tomcat].[localhost].[/]       : Initializing Spring DispatcherServlet 'dispatcherServlet'
2026-06-01T18:32:19.450+08:00  INFO 19912 --- [rrbm-backend] [nio-8080-exec-1] o.s.web.servlet.DispatcherServlet        : Initializing Servlet 'dispatcherServlet'
2026-06-01T18:32:19.452+08:00  INFO 19912 --- [rrbm-backend] [nio-8080-exec-1] o.s.web.servlet.DispatcherServlet        : Completed initialization in 2 ms
Hibernate: 
    select
        u1_0.id,
        u1_0.address,
        u1_0.admin_security_key,
        u1_0.allowed_pages,
        u1_0.birthdate,
        u1_0.contact_number,
        u1_0.created_at,
        u1_0.designation,
        u1_0.email,
        u1_0.employee_id,
        u1_0.full_name,
        u1_0.last_login_at,
        u1_0.must_change_password,
        u1_0.password_hash,
        u1_0.profile_image,
        u1_0.role,
        u1_0.status,
        u1_0.updated_at,
        u1_0.username 
    from
        users u1_0 
    where
        u1_0.email=?
Hibernate: 
    select
        u1_0.id,
        u1_0.address,
        u1_0.admin_security_key,
        u1_0.allowed_pages,
        u1_0.birthdate,
        u1_0.contact_number,
        u1_0.created_at,
        u1_0.designation,
        u1_0.email,
        u1_0.employee_id,
        u1_0.full_name,
        u1_0.last_login_at,
        u1_0.must_change_password,
        u1_0.password_hash,
        u1_0.profile_image,
        u1_0.role,
        u1_0.status,
        u1_0.updated_at,
        u1_0.username 
    from
        users u1_0 
    where
        u1_0.username=?
Hibernate: 
    update
        users 
    set
        address=?,
        admin_security_key=?,
        allowed_pages=?,
        birthdate=?,
        contact_number=?,
        designation=?,
        email=?,
        employee_id=?,
        full_name=?,
        last_login_at=?,
        must_change_password=?,
        password_hash=?,
        profile_image=?,
        role=?,
        status=?,
        updated_at=?,
        username=? 
    where
        id=?
Hibernate: 
    insert 
    into
        activity_log
        (action, created_at, description, entity_id, entity_type, is_closed, report_date, user_id, user_name) 
    values
        (?, ?, ?, ?, ?, ?, ?, ?, ?)
Hibernate: 
    select
        u1_0.id,
        u1_0.address,
        u1_0.admin_security_key,
        u1_0.allowed_pages,
        u1_0.birthdate,
        u1_0.contact_number,
        u1_0.created_at,
        u1_0.designation,
        u1_0.email,
        u1_0.employee_id,
        u1_0.full_name,
        u1_0.last_login_at,
        u1_0.must_change_password,
        u1_0.password_hash,
        u1_0.profile_image,
        u1_0.role,
        u1_0.status,
        u1_0.updated_at,
        u1_0.username 
    from
        users u1_0 
    where
        u1_0.email=?
Hibernate: 
    select
        oic1_0.date_key,
        oic1_0.last_number 
    from
        order_id_counter oic1_0 
    where
        oic1_0.date_key=? for no key update
Hibernate: 
    select
        u1_0.id,
        u1_0.address,
        u1_0.admin_security_key,
        u1_0.allowed_pages,
        u1_0.birthdate,
        u1_0.contact_number,
        u1_0.created_at,
        u1_0.designation,
        u1_0.email,
        u1_0.employee_id,
        u1_0.full_name,
        u1_0.last_login_at,
        u1_0.must_change_password,
        u1_0.password_hash,
        u1_0.profile_image,
        u1_0.role,
        u1_0.status,
        u1_0.updated_at,
        u1_0.username 
    from
        users u1_0 
    where
        u1_0.id=?
Hibernate: 
    select
        o1_0.id,
        o1_0.address,
        o1_0.agent_name,
        o1_0.cancellation_reason,
        o1_0.cancelled_at,
        o1_0.cancelled_by,
        o1_0.collected_at,
        o1_0.collected_by,
        o1_0.created_at,
        o1_0.created_by,
        o1_0.customer_name,
        o1_0.delivery_fee,
        o1_0.discount,
        o1_0.ecommerce_platform,
        o1_0.fb_page,
        o1_0.notes,
        o1_0.order_type,
        o1_0.payment_mode,
        o1_0.pending_collection_at,
        o1_0.source,
        o1_0.status,
        o1_0.subtotal,
        o1_0.total,
        i1_0.order_id,
        i1_0.id,
        i1_0.product_id,
        i1_0.product_name,
        i1_0.quantity,
        i1_0.subtotal,
        i1_0.unit_price,
        i1_0.warehouse 
    from
        orders o1_0 
    left join
        order_items i1_0 
            on o1_0.id=i1_0.order_id 
    where
        o1_0.id=?
Hibernate: 
    insert 
    into
        orders
        (address, agent_name, cancellation_reason, cancelled_at, cancelled_by, collected_at, collected_by, created_at, created_by, customer_name, delivery_fee, discount, ecommerce_platform, fb_page, notes, order_type, payment_mode, pending_collection_at, source, status, subtotal, total, id) 
    values
        (?, ?, ?, ?, ?, ?, ?, ?, ?, ?, ?, ?, ?, ?, ?, ?, ?, ?, ?, ?, ?, ?, ?)
Hibernate: 
    insert 
    into
        order_items
        (order_id, product_id, product_name, quantity, subtotal, unit_price, warehouse) 
    values
        (?, ?, ?, ?, ?, ?, ?)
Hibernate: 
    insert 
    into
        activity_log
        (action, created_at, description, entity_id, entity_type, is_closed, report_date, user_id, user_name) 
    values
        (?, ?, ?, ?, ?, ?, ?, ?, ?)
Hibernate: 
    select
        t1_0.id 
    from
        transactions t1_0 
    where
        t1_0.order_id=? 
        and t1_0.transaction_type=? 
    fetch
        first ? rows only
Hibernate: 
    insert 
    into
        transactions
        (amount, created_at, created_by, effective_date, notes, order_id, reference_id, reference_type, transaction_code, transaction_type) 
    values
        (?, ?, ?, ?, ?, ?, ?, ?, ?, ?)
Hibernate: 
    select
        p1_0.id,
        p1_0.active,
        p1_0.category,
        p1_0.created_at,
        p1_0.description,
        p1_0.is_set,
        p1_0.item_code,
        p1_0.name,
        p1_0.product_code,
        p1_0.selling_tag,
        p1_0.sku,
        p1_0.stock_wh1,
        p1_0.stock_wh2,
        p1_0.stock_wh3,
        p1_0.sub_category,
        p1_0.threshold_critical,
        p1_0.threshold_low,
        p1_0.unit_cost,
        p1_0.unit_price,
        p1_0.updated_at 
    from
        products p1_0 
    where
        p1_0.id=?
Hibernate: 
    insert 
    into
        inventory_movements
        (created_at, movement_type, product_id, quantity, reason, reference_id, user_id, warehouse) 
    values
        (?, ?, ?, ?, ?, ?, ?, ?)
Hibernate: 
    update
        order_id_counter 
    set
        last_number=? 
    where
        date_key=?
Hibernate: 
    update
        products 
    set
        active=?,
        category=?,
        created_at=?,
        description=?,
        is_set=?,
        item_code=?,
        name=?,
        product_code=?,
        selling_tag=?,
        sku=?,
        stock_wh1=?,
        stock_wh2=?,
        stock_wh3=?,
        sub_category=?,
        threshold_critical=?,
        threshold_low=?,
        unit_cost=?,
        unit_price=?,
        updated_at=? 
    where
        id=?
Hibernate: 
    select
        p1_0.id,
        p1_0.active,
        p1_0.category,
        p1_0.created_at,
        p1_0.description,
        p1_0.is_set,
        p1_0.item_code,
        p1_0.name,
        p1_0.product_code,
        p1_0.selling_tag,
        p1_0.sku,
        p1_0.stock_wh1,
        p1_0.stock_wh2,
        p1_0.stock_wh3,
        p1_0.sub_category,
        p1_0.threshold_critical,
        p1_0.threshold_low,
        p1_0.unit_cost,
        p1_0.unit_price,
        p1_0.updated_at 
    from
        products p1_0 
    where
        p1_0.active 
    order by
        p1_0.name
Hibernate: 
    select
        u1_0.id,
        u1_0.address,
        u1_0.admin_security_key,
        u1_0.allowed_pages,
        u1_0.birthdate,
        u1_0.contact_number,
        u1_0.created_at,
        u1_0.designation,
        u1_0.email,
        u1_0.employee_id,
        u1_0.full_name,
        u1_0.last_login_at,
        u1_0.must_change_password,
        u1_0.password_hash,
        u1_0.profile_image,
        u1_0.role,
        u1_0.status,
        u1_0.updated_at,
        u1_0.username 
    from
        users u1_0 
    where
        u1_0.email=?
Hibernate: 
    select
        u1_0.id,
        u1_0.address,
        u1_0.admin_security_key,
        u1_0.allowed_pages,
        u1_0.birthdate,
        u1_0.contact_number,
        u1_0.created_at,
        u1_0.designation,
        u1_0.email,
        u1_0.employee_id,
        u1_0.full_name,
        u1_0.last_login_at,
        u1_0.must_change_password,
        u1_0.password_hash,
        u1_0.profile_image,
        u1_0.role,
        u1_0.status,
        u1_0.updated_at,
        u1_0.username 
    from
        users u1_0 
    where
        u1_0.username=?
Hibernate: 
    update
        users 
    set
        address=?,
        admin_security_key=?,
        allowed_pages=?,
        birthdate=?,
        contact_number=?,
        designation=?,
        email=?,
        employee_id=?,
        full_name=?,
        last_login_at=?,
        must_change_password=?,
        password_hash=?,
        profile_image=?,
        role=?,
        status=?,
        updated_at=?,
        username=? 
    where
        id=?
Hibernate: 
    insert 
    into
        activity_log
        (action, created_at, description, entity_id, entity_type, is_closed, report_date, user_id, user_name) 
    values
        (?, ?, ?, ?, ?, ?, ?, ?, ?)
Hibernate: 
    select
        u1_0.id,
        u1_0.address,
        u1_0.admin_security_key,
        u1_0.allowed_pages,
        u1_0.birthdate,
        u1_0.contact_number,
        u1_0.created_at,
        u1_0.designation,
        u1_0.email,
        u1_0.employee_id,
        u1_0.full_name,
        u1_0.last_login_at,
        u1_0.must_change_password,
        u1_0.password_hash,
        u1_0.profile_image,
        u1_0.role,
        u1_0.status,
        u1_0.updated_at,
        u1_0.username 
    from
        users u1_0 
    where
        u1_0.email=?
Hibernate: 
    select
        u1_0.id,
        u1_0.address,
        u1_0.admin_security_key,
        u1_0.allowed_pages,
        u1_0.birthdate,
        u1_0.contact_number,
        u1_0.created_at,
        u1_0.designation,
        u1_0.email,
        u1_0.employee_id,
        u1_0.full_name,
        u1_0.last_login_at,
        u1_0.must_change_password,
        u1_0.password_hash,
        u1_0.profile_image,
        u1_0.role,
        u1_0.status,
        u1_0.updated_at,
        u1_0.username 
    from
        users u1_0 
    where
        u1_0.username=?
Hibernate: 
    update
        users 
    set
        address=?,
        admin_security_key=?,
        allowed_pages=?,
        birthdate=?,
        contact_number=?,
        designation=?,
        email=?,
        employee_id=?,
        full_name=?,
        last_login_at=?,
        must_change_password=?,
        password_hash=?,
        profile_image=?,
        role=?,
        status=?,
        updated_at=?,
        username=? 
    where
        id=?
Hibernate: 
    insert 
    into
        activity_log
        (action, created_at, description, entity_id, entity_type, is_closed, report_date, user_id, user_name) 
    values
        (?, ?, ?, ?, ?, ?, ?, ?, ?)
Hibernate: 
    select
        u1_0.id,
        u1_0.address,
        u1_0.admin_security_key,
        u1_0.allowed_pages,
        u1_0.birthdate,
        u1_0.contact_number,
        u1_0.created_at,
        u1_0.designation,
        u1_0.email,
        u1_0.employee_id,
        u1_0.full_name,
        u1_0.last_login_at,
        u1_0.must_change_password,
        u1_0.password_hash,
        u1_0.profile_image,
        u1_0.role,
        u1_0.status,
        u1_0.updated_at,
        u1_0.username 
    from
        users u1_0 
    where
        u1_0.email=?
Hibernate: 
    select
        o1_0.id,
        o1_0.address,
        o1_0.agent_name,
        o1_0.cancellation_reason,
        o1_0.cancelled_at,
        o1_0.cancelled_by,
        o1_0.collected_at,
        o1_0.collected_by,
        o1_0.created_at,
        o1_0.created_by,
        o1_0.customer_name,
        o1_0.delivery_fee,
        o1_0.discount,
        o1_0.ecommerce_platform,
        o1_0.fb_page,
        o1_0.notes,
        o1_0.order_type,
        o1_0.payment_mode,
        o1_0.pending_collection_at,
        o1_0.source,
        o1_0.status,
        o1_0.subtotal,
        o1_0.total 
    from
        orders o1_0 
    where
        o1_0.id=?
Hibernate: 
    select
        u1_0.id,
        u1_0.address,
        u1_0.admin_security_key,
        u1_0.allowed_pages,
        u1_0.birthdate,
        u1_0.contact_number,
        u1_0.created_at,
        u1_0.designation,
        u1_0.email,
        u1_0.employee_id,
        u1_0.full_name,
        u1_0.last_login_at,
        u1_0.must_change_password,
        u1_0.password_hash,
        u1_0.profile_image,
        u1_0.role,
        u1_0.status,
        u1_0.updated_at,
        u1_0.username 
    from
        users u1_0 
    where
        u1_0.id=?
Hibernate: 
    insert 
    into
        activity_log
        (action, created_at, description, entity_id, entity_type, is_closed, report_date, user_id, user_name) 
    values
        (?, ?, ?, ?, ?, ?, ?, ?, ?)
Hibernate: 
    update
        orders 
    set
        address=?,
        agent_name=?,
        cancellation_reason=?,
        cancelled_at=?,
        cancelled_by=?,
        collected_at=?,
        collected_by=?,
        created_by=?,
        customer_name=?,
        delivery_fee=?,
        discount=?,
        ecommerce_platform=?,
        fb_page=?,
        notes=?,
        order_type=?,
        payment_mode=?,
        pending_collection_at=?,
        source=?,
        status=?,
        subtotal=?,
        total=? 
    where
        id=?
Hibernate: 
    select
        i1_0.order_id,
        i1_0.id,
        i1_0.product_id,
        i1_0.product_name,
        i1_0.quantity,
        i1_0.subtotal,
        i1_0.unit_price,
        i1_0.warehouse 
    from
        order_items i1_0 
    where
        i1_0.order_id=?
Hibernate: 
    select
        u1_0.id,
        u1_0.address,
        u1_0.admin_security_key,
        u1_0.allowed_pages,
        u1_0.birthdate,
        u1_0.contact_number,
        u1_0.created_at,
        u1_0.designation,
        u1_0.email,
        u1_0.employee_id,
        u1_0.full_name,
        u1_0.last_login_at,
        u1_0.must_change_password,
        u1_0.password_hash,
        u1_0.profile_image,
        u1_0.role,
        u1_0.status,
        u1_0.updated_at,
        u1_0.username 
    from
        users u1_0 
    where
        u1_0.email=?
Hibernate: 
    select
        u1_0.id,
        u1_0.address,
        u1_0.admin_security_key,
        u1_0.allowed_pages,
        u1_0.birthdate,
        u1_0.contact_number,
        u1_0.created_at,
        u1_0.designation,
        u1_0.email,
        u1_0.employee_id,
        u1_0.full_name,
        u1_0.last_login_at,
        u1_0.must_change_password,
        u1_0.password_hash,
        u1_0.profile_image,
        u1_0.role,
        u1_0.status,
        u1_0.updated_at,
        u1_0.username 
    from
        users u1_0 
    where
        u1_0.id=?
Hibernate: 
    select
        count(*) 
    from
        orders o1_0 
    where
        o1_0.id=?
Hibernate: 
    select
        o1_0.id,
        o1_0.address,
        o1_0.agent_name,
        o1_0.cancellation_reason,
        o1_0.cancelled_at,
        o1_0.cancelled_by,
        o1_0.collected_at,
        o1_0.collected_by,
        o1_0.created_at,
        o1_0.created_by,
        o1_0.customer_name,
        o1_0.delivery_fee,
        o1_0.discount,
        o1_0.ecommerce_platform,
        o1_0.fb_page,
        o1_0.notes,
        o1_0.order_type,
        o1_0.payment_mode,
        o1_0.pending_collection_at,
        o1_0.source,
        o1_0.status,
        o1_0.subtotal,
        o1_0.total 
    from
        orders o1_0 
    where
        o1_0.id=?
Hibernate: 
    select
        t1_0.id 
    from
        transactions t1_0 
    where
        t1_0.order_id=? 
        and t1_0.transaction_type=? 
        and t1_0.amount=? 
        and t1_0.created_at>? 
    fetch
        first ? rows only
Hibernate: 
    insert 
    into
        transactions
        (amount, created_at, created_by, effective_date, notes, order_id, reference_id, reference_type, transaction_code, transaction_type) 
    values
        (?, ?, ?, ?, ?, ?, ?, ?, ?, ?)
Hibernate: 
    insert 
    into
        activity_log
        (action, created_at, description, entity_id, entity_type, is_closed, report_date, user_id, user_name) 
    values
        (?, ?, ?, ?, ?, ?, ?, ?, ?)
Hibernate: 
    select
        distinct o1_0.id,
        o1_0.address,
        o1_0.agent_name,
        o1_0.cancellation_reason,
        o1_0.cancelled_at,
        o1_0.cancelled_by,
        o1_0.collected_at,
        o1_0.collected_by,
        o1_0.created_at,
        o1_0.created_by,
        o1_0.customer_name,
        o1_0.delivery_fee,
        o1_0.discount,
        o1_0.ecommerce_platform,
        o1_0.fb_page,
        i1_0.order_id,
        i1_0.id,
        i1_0.product_id,
        i1_0.product_name,
        i1_0.quantity,
        i1_0.subtotal,
        i1_0.unit_price,
        i1_0.warehouse,
        o1_0.notes,
        o1_0.order_type,
        o1_0.payment_mode,
        o1_0.pending_collection_at,
        o1_0.source,
        o1_0.status,
        o1_0.subtotal,
        o1_0.total 
    from
        orders o1_0 
    left join
        order_items i1_0 
            on o1_0.id=i1_0.order_id 
    where
        o1_0.id=?
Hibernate: 
    select
        p1_0.id,
        p1_0.active,
        p1_0.category,
        p1_0.created_at,
        p1_0.description,
        p1_0.is_set,
        p1_0.item_code,
        p1_0.name,
        p1_0.product_code,
        p1_0.selling_tag,
        p1_0.sku,
        p1_0.stock_wh1,
        p1_0.stock_wh2,
        p1_0.stock_wh3,
        p1_0.sub_category,
        p1_0.threshold_critical,
        p1_0.threshold_low,
        p1_0.unit_cost,
        p1_0.unit_price,
        p1_0.updated_at 
    from
        products p1_0 
    where
        p1_0.id=?
Hibernate: 
    update
        products 
    set
        active=?,
        category=?,
        created_at=?,
        description=?,
        is_set=?,
        item_code=?,
        name=?,
        product_code=?,
        selling_tag=?,
        sku=?,
        stock_wh1=?,
        stock_wh2=?,
        stock_wh3=?,
        sub_category=?,
        threshold_critical=?,
        threshold_low=?,
        unit_cost=?,
        unit_price=?,
        updated_at=? 
    where
        id=?
Hibernate: 
    insert 
    into
        inventory_movements
        (created_at, movement_type, product_id, quantity, reason, reference_id, user_id, warehouse) 
    values
        (?, ?, ?, ?, ?, ?, ?, ?)
Hibernate: 
    select
        u1_0.id,
        u1_0.address,
        u1_0.admin_security_key,
        u1_0.allowed_pages,
        u1_0.birthdate,
        u1_0.contact_number,
        u1_0.created_at,
        u1_0.designation,
        u1_0.email,
        u1_0.employee_id,
        u1_0.full_name,
        u1_0.last_login_at,
        u1_0.must_change_password,
        u1_0.password_hash,
        u1_0.profile_image,
        u1_0.role,
        u1_0.status,
        u1_0.updated_at,
        u1_0.username 
    from
        users u1_0 
    where
        u1_0.email=?
Hibernate: 
    select
        u1_0.id,
        u1_0.address,
        u1_0.admin_security_key,
        u1_0.allowed_pages,
        u1_0.birthdate,
        u1_0.contact_number,
        u1_0.created_at,
        u1_0.designation,
        u1_0.email,
        u1_0.employee_id,
        u1_0.full_name,
        u1_0.last_login_at,
        u1_0.must_change_password,
        u1_0.password_hash,
        u1_0.profile_image,
        u1_0.role,
        u1_0.status,
        u1_0.updated_at,
        u1_0.username 
    from
        users u1_0 
    where
        u1_0.username=?
Hibernate: 
    update
        users 
    set
        address=?,
        admin_security_key=?,
        allowed_pages=?,
        birthdate=?,
        contact_number=?,
        designation=?,
        email=?,
        employee_id=?,
        full_name=?,
        last_login_at=?,
        must_change_password=?,
        password_hash=?,
        profile_image=?,
        role=?,
        status=?,
        updated_at=?,
        username=? 
    where
        id=?
Hibernate: 
    insert 
    into
        activity_log
        (action, created_at, description, entity_id, entity_type, is_closed, report_date, user_id, user_name) 
    values
        (?, ?, ?, ?, ?, ?, ?, ?, ?)
Hibernate: 
    select
        u1_0.id,
        u1_0.address,
        u1_0.admin_security_key,
        u1_0.allowed_pages,
        u1_0.birthdate,
        u1_0.contact_number,
        u1_0.created_at,
        u1_0.designation,
        u1_0.email,
        u1_0.employee_id,
        u1_0.full_name,
        u1_0.last_login_at,
        u1_0.must_change_password,
        u1_0.password_hash,
        u1_0.profile_image,
        u1_0.role,
        u1_0.status,
        u1_0.updated_at,
        u1_0.username 
    from
        users u1_0 
    where
        u1_0.email=?
Hibernate: 
    select
        oic1_0.date_key,
        oic1_0.last_number 
    from
        order_id_counter oic1_0 
    where
        oic1_0.date_key=? for no key update
Hibernate: 
    select
        u1_0.id,
        u1_0.address,
        u1_0.admin_security_key,
        u1_0.allowed_pages,
        u1_0.birthdate,
        u1_0.contact_number,
        u1_0.created_at,
        u1_0.designation,
        u1_0.email,
        u1_0.employee_id,
        u1_0.full_name,
        u1_0.last_login_at,
        u1_0.must_change_password,
        u1_0.password_hash,
        u1_0.profile_image,
        u1_0.role,
        u1_0.status,
        u1_0.updated_at,
        u1_0.username 
    from
        users u1_0 
    where
        u1_0.id=?
Hibernate: 
    select
        o1_0.id,
        o1_0.address,
        o1_0.agent_name,
        o1_0.cancellation_reason,
        o1_0.cancelled_at,
        o1_0.cancelled_by,
        o1_0.collected_at,
        o1_0.collected_by,
        o1_0.created_at,
        o1_0.created_by,
        o1_0.customer_name,
        o1_0.delivery_fee,
        o1_0.discount,
        o1_0.ecommerce_platform,
        o1_0.fb_page,
        o1_0.notes,
        o1_0.order_type,
        o1_0.payment_mode,
        o1_0.pending_collection_at,
        o1_0.source,
        o1_0.status,
        o1_0.subtotal,
        o1_0.total,
        i1_0.order_id,
        i1_0.id,
        i1_0.product_id,
        i1_0.product_name,
        i1_0.quantity,
        i1_0.subtotal,
        i1_0.unit_price,
        i1_0.warehouse 
    from
        orders o1_0 
    left join
        order_items i1_0 
            on o1_0.id=i1_0.order_id 
    where
        o1_0.id=?
Hibernate: 
    insert 
    into
        orders
        (address, agent_name, cancellation_reason, cancelled_at, cancelled_by, collected_at, collected_by, created_at, created_by, customer_name, delivery_fee, discount, ecommerce_platform, fb_page, notes, order_type, payment_mode, pending_collection_at, source, status, subtotal, total, id) 
    values
        (?, ?, ?, ?, ?, ?, ?, ?, ?, ?, ?, ?, ?, ?, ?, ?, ?, ?, ?, ?, ?, ?, ?)
Hibernate: 
    insert 
    into
        order_items
        (order_id, product_id, product_name, quantity, subtotal, unit_price, warehouse) 
    values
        (?, ?, ?, ?, ?, ?, ?)
Hibernate: 
    insert 
    into
        activity_log
        (action, created_at, description, entity_id, entity_type, is_closed, report_date, user_id, user_name) 
    values
        (?, ?, ?, ?, ?, ?, ?, ?, ?)
Hibernate: 
    select
        t1_0.id 
    from
        transactions t1_0 
    where
        t1_0.order_id=? 
        and t1_0.transaction_type=? 
    fetch
        first ? rows only
Hibernate: 
    insert 
    into
        transactions
        (amount, created_at, created_by, effective_date, notes, order_id, reference_id, reference_type, transaction_code, transaction_type) 
    values
        (?, ?, ?, ?, ?, ?, ?, ?, ?, ?)
Hibernate: 
    select
        p1_0.id,
        p1_0.active,
        p1_0.category,
        p1_0.created_at,
        p1_0.description,
        p1_0.is_set,
        p1_0.item_code,
        p1_0.name,
        p1_0.product_code,
        p1_0.selling_tag,
        p1_0.sku,
        p1_0.stock_wh1,
        p1_0.stock_wh2,
        p1_0.stock_wh3,
        p1_0.sub_category,
        p1_0.threshold_critical,
        p1_0.threshold_low,
        p1_0.unit_cost,
        p1_0.unit_price,
        p1_0.updated_at 
    from
        products p1_0 
    where
        p1_0.id=?
Hibernate: 
    insert 
    into
        inventory_movements
        (created_at, movement_type, product_id, quantity, reason, reference_id, user_id, warehouse) 
    values
        (?, ?, ?, ?, ?, ?, ?, ?)
Hibernate: 
    update
        order_id_counter 
    set
        last_number=? 
    where
        date_key=?
Hibernate: 
    update
        products 
    set
        active=?,
        category=?,
        created_at=?,
        description=?,
        is_set=?,
        item_code=?,
        name=?,
        product_code=?,
        selling_tag=?,
        sku=?,
        stock_wh1=?,
        stock_wh2=?,
        stock_wh3=?,
        sub_category=?,
        threshold_critical=?,
        threshold_low=?,
        unit_cost=?,
        unit_price=?,
        updated_at=? 
    where
        id=?
Hibernate: 
    select
        p1_0.id,
        p1_0.active,
        p1_0.category,
        p1_0.created_at,
        p1_0.description,
        p1_0.is_set,
        p1_0.item_code,
        p1_0.name,
        p1_0.product_code,
        p1_0.selling_tag,
        p1_0.sku,
        p1_0.stock_wh1,
        p1_0.stock_wh2,
        p1_0.stock_wh3,
        p1_0.sub_category,
        p1_0.threshold_critical,
        p1_0.threshold_low,
        p1_0.unit_cost,
        p1_0.unit_price,
        p1_0.updated_at 
    from
        products p1_0 
    where
        p1_0.active 
    order by
        p1_0.name
Hibernate: 
    select
        u1_0.id,
        u1_0.address,
        u1_0.admin_security_key,
        u1_0.allowed_pages,
        u1_0.birthdate,
        u1_0.contact_number,
        u1_0.created_at,
        u1_0.designation,
        u1_0.email,
        u1_0.employee_id,
        u1_0.full_name,
        u1_0.last_login_at,
        u1_0.must_change_password,
        u1_0.password_hash,
        u1_0.profile_image,
        u1_0.role,
        u1_0.status,
        u1_0.updated_at,
        u1_0.username 
    from
        users u1_0 
    where
        u1_0.email=?
Hibernate: 
    select
        o1_0.id,
        o1_0.address,
        o1_0.agent_name,
        o1_0.cancellation_reason,
        o1_0.cancelled_at,
        o1_0.cancelled_by,
        o1_0.collected_at,
        o1_0.collected_by,
        o1_0.created_at,
        o1_0.created_by,
        o1_0.customer_name,
        o1_0.delivery_fee,
        o1_0.discount,
        o1_0.ecommerce_platform,
        o1_0.fb_page,
        o1_0.notes,
        o1_0.order_type,
        o1_0.payment_mode,
        o1_0.pending_collection_at,
        o1_0.source,
        o1_0.status,
        o1_0.subtotal,
        o1_0.total 
    from
        orders o1_0 
    where
        o1_0.id=?
Hibernate: 
    select
        u1_0.id,
        u1_0.address,
        u1_0.admin_security_key,
        u1_0.allowed_pages,
        u1_0.birthdate,
        u1_0.contact_number,
        u1_0.created_at,
        u1_0.designation,
        u1_0.email,
        u1_0.employee_id,
        u1_0.full_name,
        u1_0.last_login_at,
        u1_0.must_change_password,
        u1_0.password_hash,
        u1_0.profile_image,
        u1_0.role,
        u1_0.status,
        u1_0.updated_at,
        u1_0.username 
    from
        users u1_0 
    where
        u1_0.id=?
Hibernate: 
    insert 
    into
        activity_log
        (action, created_at, description, entity_id, entity_type, is_closed, report_date, user_id, user_name) 
    values
        (?, ?, ?, ?, ?, ?, ?, ?, ?)
Hibernate: 
    update
        orders 
    set
        address=?,
        agent_name=?,
        cancellation_reason=?,
        cancelled_at=?,
        cancelled_by=?,
        collected_at=?,
        collected_by=?,
        created_by=?,
        customer_name=?,
        delivery_fee=?,
        discount=?,
        ecommerce_platform=?,
        fb_page=?,
        notes=?,
        order_type=?,
        payment_mode=?,
        pending_collection_at=?,
        source=?,
        status=?,
        subtotal=?,
        total=? 
    where
        id=?
Hibernate: 
    select
        i1_0.order_id,
        i1_0.id,
        i1_0.product_id,
        i1_0.product_name,
        i1_0.quantity,
        i1_0.subtotal,
        i1_0.unit_price,
        i1_0.warehouse 
    from
        order_items i1_0 
    where
        i1_0.order_id=?
Hibernate: 
    select
        u1_0.id,
        u1_0.address,
        u1_0.admin_security_key,
        u1_0.allowed_pages,
        u1_0.birthdate,
        u1_0.contact_number,
        u1_0.created_at,
        u1_0.designation,
        u1_0.email,
        u1_0.employee_id,
        u1_0.full_name,
        u1_0.last_login_at,
        u1_0.must_change_password,
        u1_0.password_hash,
        u1_0.profile_image,
        u1_0.role,
        u1_0.status,
        u1_0.updated_at,
        u1_0.username 
    from
        users u1_0 
    where
        u1_0.email=?
Hibernate: 
    select
        u1_0.id,
        u1_0.address,
        u1_0.admin_security_key,
        u1_0.allowed_pages,
        u1_0.birthdate,
        u1_0.contact_number,
        u1_0.created_at,
        u1_0.designation,
        u1_0.email,
        u1_0.employee_id,
        u1_0.full_name,
        u1_0.last_login_at,
        u1_0.must_change_password,
        u1_0.password_hash,
        u1_0.profile_image,
        u1_0.role,
        u1_0.status,
        u1_0.updated_at,
        u1_0.username 
    from
        users u1_0 
    where
        u1_0.id=?
Hibernate: 
    select
        count(*) 
    from
        orders o1_0 
    where
        o1_0.id=?
Hibernate: 
    select
        o1_0.id,
        o1_0.address,
        o1_0.agent_name,
        o1_0.cancellation_reason,
        o1_0.cancelled_at,
        o1_0.cancelled_by,
        o1_0.collected_at,
        o1_0.collected_by,
        o1_0.created_at,
        o1_0.created_by,
        o1_0.customer_name,
        o1_0.delivery_fee,
        o1_0.discount,
        o1_0.ecommerce_platform,
        o1_0.fb_page,
        o1_0.notes,
        o1_0.order_type,
        o1_0.payment_mode,
        o1_0.pending_collection_at,
        o1_0.source,
        o1_0.status,
        o1_0.subtotal,
        o1_0.total 
    from
        orders o1_0 
    where
        o1_0.id=?
Hibernate: 
    insert 
    into
        transactions
        (amount, created_at, created_by, effective_date, notes, order_id, reference_id, reference_type, transaction_code, transaction_type) 
    values
        (?, ?, ?, ?, ?, ?, ?, ?, ?, ?)
Hibernate: 
    insert 
    into
        activity_log
        (action, created_at, description, entity_id, entity_type, is_closed, report_date, user_id, user_name) 
    values
        (?, ?, ?, ?, ?, ?, ?, ?, ?)
Hibernate: 
    select
        distinct o1_0.id,
        o1_0.address,
        o1_0.agent_name,
        o1_0.cancellation_reason,
        o1_0.cancelled_at,
        o1_0.cancelled_by,
        o1_0.collected_at,
        o1_0.collected_by,
        o1_0.created_at,
        o1_0.created_by,
        o1_0.customer_name,
        o1_0.delivery_fee,
        o1_0.discount,
        o1_0.ecommerce_platform,
        o1_0.fb_page,
        i1_0.order_id,
        i1_0.id,
        i1_0.product_id,
        i1_0.product_name,
        i1_0.quantity,
        i1_0.subtotal,
        i1_0.unit_price,
        i1_0.warehouse,
        o1_0.notes,
        o1_0.order_type,
        o1_0.payment_mode,
        o1_0.pending_collection_at,
        o1_0.source,
        o1_0.status,
        o1_0.subtotal,
        o1_0.total 
    from
        orders o1_0 
    left join
        order_items i1_0 
            on o1_0.id=i1_0.order_id 
    where
        o1_0.id=?
Hibernate: 
    select
        p1_0.id,
        p1_0.active,
        p1_0.category,
        p1_0.created_at,
        p1_0.description,
        p1_0.is_set,
        p1_0.item_code,
        p1_0.name,
        p1_0.product_code,
        p1_0.selling_tag,
        p1_0.sku,
        p1_0.stock_wh1,
        p1_0.stock_wh2,
        p1_0.stock_wh3,
        p1_0.sub_category,
        p1_0.threshold_critical,
        p1_0.threshold_low,
        p1_0.unit_cost,
        p1_0.unit_price,
        p1_0.updated_at 
    from
        products p1_0 
    where
        p1_0.id=?
Hibernate: 
    update
        products 
    set
        active=?,
        category=?,
        created_at=?,
        description=?,
        is_set=?,
        item_code=?,
        name=?,
        product_code=?,
        selling_tag=?,
        sku=?,
        stock_wh1=?,
        stock_wh2=?,
        stock_wh3=?,
        sub_category=?,
        threshold_critical=?,
        threshold_low=?,
        unit_cost=?,
        unit_price=?,
        updated_at=? 
    where
        id=?
Hibernate: 
    insert 
    into
        inventory_movements
        (created_at, movement_type, product_id, quantity, reason, reference_id, user_id, warehouse) 
    values
        (?, ?, ?, ?, ?, ?, ?, ?)
[INFO] ------------------------------------------------------------------------
[INFO] BUILD FAILURE
[INFO] ------------------------------------------------------------------------
[INFO] Total time:  03:48 h
[INFO] Finished at: 2026-06-01T22:20:15+08:00
[INFO] ------------------------------------------------------------------------
[ERROR] Failed to execute goal org.springframework.boot:spring-boot-maven-plugin:3.5.14:run (default-cli) on project rrbm-backend: Process terminated with exit code: -1 -> [Help 1]
[ERROR] 
[ERROR] To see the full stack trace of the errors, re-run Maven with the -e switch.
[ERROR] Re-run Maven using the -X switch to enable full debug logging.
[ERROR] 
[ERROR] For more information about the errors and possible solutions, please read the following articles:
[ERROR] [Help 1] http://cwiki.apache.org/confluence/display/MAVEN/MojoExecutionException
